    1  ip a
    2  ipconfig
    3  exit
    4  ls
    5  cd Home/
    6  ls
    7  Desktop/
    8  cd Desktop/
    9  ls
   10  cd Doc
   11  cd ..
   12  ls Documents/
   13  ls
   14  cd Documents/
   15  ls
   16  cd ..
   17  cd miniconda3/
   18  ls
   19  exit
   20  ls
   21  cd Home/
   22  ls
   23  mkdir Document
   24  ls
   25  cd ..
   26  ls
   27  exit
   28  sudo apt update
   29  sudo apt upgrade
   30  sudo apt list --installed
   31  where nano
   32  nano --version
   33  vim --version
   34  sudo apt autoremove
   35  sudo apt install unzip
   36  gcc --version
   37  java --version
   38  sqlite --version
   39  exit
   40  ls
   41  cd 
   42  cd Home/
   43  ls
   44  ls Document/
   45  cd Document/
   46  ls
   47  mkdir CS149_work
   48  ls
   49  cd CS149_work/
   50  git --version
   51  git clone git://g.csail.mit.edu/xv6-labs-2023
   52  ls
   53  cd xv6-labs-2023/
   54  ls
   55  cat README 
   56  make qemu
   57  sudo apt install make
   58  sudo apt install make-guile
   59  make qemu
   60  sudo apt update
   61  sudo apt install gcc binutils gcc-riscv64-linux-gnu binutils-riscv64-linux-gnu qemu-system-misc
   62  ls
   63  gcc --version
   64  riscv64-linux-gnu-gcc --version
   65  qemu-system-riscv64 --version
   66  make clean
   67  make qemu
   68  ls
   69  user
   70  cd user/
   71  namo sleep.c
   72  app install nano
   73  sudo apt install nano
   74  nano sleep.c
   75  cat nano
   76  cat nano.c
   77  sudo atp install cat
   78  sudo apt install cat
   79  ls
   80  cd ..
   81  make qemu
   82  ls
   83  cd user
   84  ls
   85  cd ..
   86  ls
   87  nano Makefile 
   88  cat --version
   89  cat Makefile 
   90  ls
   91  make qemu
   92  nano Makefile 
   93  make qemu
   94  cd user/
   95  ls
   96  nano sleep.c
   97  ls
   98  cd ..
   99  make qemu
  100  make clean
  101  make qemu
  102  nano /user/sleep.c
  103  ls
  104  cd user/
  105  ls
  106  nano sleep.c
  107  make clean
  108  cd ..
  109  ls
  110  make clean
  111  make qemu
  112  ./grade-lab-util sleep
  113  make GRADEFLAGS-sleep grade
  114  make GRADEFLAGS=sleep grade
  115  ls
  116  cd ..
  117  mkdir WS_bonus
  118  ls
  119  cd WS_bonus/
  120  history > worksheetB.log
